<?xml version="1.0" encoding="UTF-8"?>
<coverage generated="1510319421595" clover="3.2.0">
  <project timestamp="1510319421595" name="All files">
    <metrics statements="3" coveredstatements="3" conditionals="0" coveredconditionals="0" methods="0" coveredmethods="0" elements="3" coveredelements="3" complexity="0" loc="3" ncloc="3" packages="1" files="1" classes="1">
      <file name="index.js" path="/Users/canagriboz/Desktop/advance/store/index.js">
        <metrics statements="3" coveredstatements="3" conditionals="0" coveredconditionals="0" methods="0" coveredmethods="0"/>
        <line num="39" count="1" type="stmt"/>
        <line num="45" count="1" type="stmt"/>
        <line num="51" count="1" type="stmt"/>
      </file>
    </metrics>
  </project>
</coverage>
